<testsuite name="Mocha Tests" tests="1" failures="0" errors="0" skipped="0" timestamp="Mon, 27 Nov 2023 07:51:45 GMT" time="0.002">
<testcase classname="example function" name="should call the passed function and log the correct message" time="0.001"/>
</testsuite>
